Arguments: 
  /usr/bin/node /mnt/c/Users/ericz/AppData/Roaming/npm/node_modules/yarn/bin/yarn.js add http-status-codes

PATH: 
  /usr/local/sbin:/usr/local/bin:/usr/sbin:/usr/bin:/sbin:/bin:/usr/games:/usr/local/games:/mnt/c/Program Files/WindowsApps/CanonicalGroupLimited.Ubuntu18.04onWindows_1804.2020.423.0_x64__79rhkp1fndgsc:/mnt/c/Program Files (x86)/Common Files/Oracle/Java/javapath:/mnt/c/Windows/system32:/mnt/c/Windows:/mnt/c/Windows/System32/Wbem:/mnt/c/Windows/System32/WindowsPowerShell/v1.0/:/mnt/c/Windows/System32/OpenSSH/:/mnt/c/Program Files/NVIDIA Corporation/NVIDIA NvDLISR:/mnt/c/Program Files (x86)/NVIDIA Corporation/PhysX/Common:/mnt/c/Program Files/nodejs/:/mnt/c/Users/ericz/AppData/Local/Programs/Python/Python38-32/Scripts/:/mnt/c/Users/ericz/AppData/Local/Programs/Python/Python38-32/:/mnt/c/Users/ericz/AppData/Local/Microsoft/WindowsApps:/mnt/c/Program Files/Bandizip/:/mnt/c/Users/ericz/AppData/Local/Programs/Microsoft VS Code/bin:/mnt/c/Users/ericz/AppData/Roaming/npm:/mnt/c/Users/ericz/AppData/Local/GitHubDesktop/bin:/mnt/c/Users/ericz/AppData/Local/atom/bin:/snap/bin

Yarn version: 
  1.22.4

Node version: 
  12.18.3

Platform: 
  linux x64

Trace: 
  Error: connect ECONNREFUSED 104.16.22.35:443
      at TCPConnectWrap.afterConnect [as oncomplete] (net.js:1141:16)

npm manifest: 
  {
    "name": "project1",
    "version": "1.0.0",
    "main": "index.js",
    "license": "MIT"
  }

yarn manifest: 
  No manifest

Lockfile: 
  No lockfile
